Treatment ctrl
     WARNING: site.100 values for SAND, SILT, CLAY, BULKDEN, and PH will be
     overwritten with corresponding values from the soils.in file.
     WARNING: site.100 values for AWILT and AFIEL will be overwritten with
     corresponding values from the soils.in file.
Entering function initlyrs

Soil Structure: 
lyr	dpthmn	dpthmx	bulkd	fieldc	wiltpt	ecoeff	tcoeff	sand	clay	org	swclim	satcond	pH
  0	  0.0	  2.0	1.16	0.4100	0.1780	0.80	0.05	0.05	0.24	0.04	0.04	0.00092	6.20
  1	  2.0	  5.0	1.16	0.4100	0.1780	0.20	0.15	0.05	0.24	0.04	0.07	0.00092	6.20
  2	  5.0	 10.0	1.16	0.4100	0.1780	0.00	0.35	0.05	0.24	0.04	0.11	0.00092	6.20
  3	 10.0	 20.0	1.26	0.4200	0.1780	0.00	0.29	0.05	0.24	0.04	0.16	0.00092	6.20
  4	 20.0	 30.0	1.26	0.4300	0.1780	0.00	0.09	0.05	0.24	0.04	0.18	0.00092	6.20
  5	 30.0	 45.0	1.48	0.4300	0.1780	0.00	0.06	0.05	0.24	0.04	0.18	0.00092	6.20
  6	 45.0	 60.0	1.50	0.4300	0.2130	0.00	0.04	0.05	0.36	0.01	0.21	0.00032	5.80
  7	 60.0	 75.0	1.50	0.4300	0.2160	0.00	0.03	0.05	0.37	0.01	0.22	0.00028	5.80
  8	 75.0	 90.0	1.50	0.4300	0.2160	0.00	0.02	0.05	0.37	0.01	0.22	0.00028	5.80
  9	 90.0	105.0	1.50	0.4300	0.2040	0.00	0.01	0.07	0.35	0.01	0.20	0.00062	6.00
 10	105.0	120.0	1.53	0.4200	0.1740	0.00	0.01	0.15	0.30	0.00	0.17	0.00092	6.50
 11	120.0	150.0	1.53	0.4200	0.1290	0.00	0.01	0.35	0.20	0.00	0.13	0.00037	7.80
 12	150.0	180.0	1.53	0.4200	0.1260	0.00	0.01	0.37	0.19	0.00	0.13	0.00028	7.90

Calculated soil parameters: 
lyr	width	depth	thetas	psis	b	binv
  0	  2.0	  1.0	 48.902	 87.056	 6.853	0.1459
  1	  3.0	  3.5	 48.902	 87.056	 6.853	0.1459
  2	  5.0	  7.5	 48.902	 87.056	 6.853	0.1459
  3	 10.0	 15.0	 48.902	 87.056	 6.853	0.1459
  4	 10.0	 25.0	 48.902	 87.056	 6.853	0.1459
  5	 15.0	 37.5	 48.902	 87.056	 6.853	0.1459
  6	 15.0	 52.5	 48.458	 73.148	 8.737	0.1145
  7	 15.0	 67.5	 48.421	 72.094	 8.894	0.1124
  8	 15.0	 82.5	 48.421	 72.094	 8.894	0.1124
  9	 15.0	 97.5	 48.211	 69.008	 8.574	0.1166
 10	 15.0	112.5	 47.260	 55.463	 7.765	0.1288
 11	 30.0	135.0	 44.790	 30.974	 6.135	0.1630
 12	 30.0	165.0	 44.543	 29.221	 5.972	0.1674
nelyrs =    2
Exiting function initlyrs
Entering function initsite
usexdrvrs: 0
sublimscale: 1.000000
reflec: 0.180000
albedo: 0.200000
fswcinit: 1.000000
dmpflux: 0.000008
hours_rain: 4.000000
drainlag: 2
watertable: 1  0
watertable: 2  0
watertable: 3  0
watertable: 4  0
watertable: 5  0
watertable: 6  0
watertable: 7  0
watertable: 8  0
watertable: 9  0
watertable: 10  0
watertable: 11  0
watertable: 12  0
hpotdeep: 0.000000
ksatdeep: 0.000300
Cloud cover:
cloud cover: 1   52.00
cloud cover: 2   48.00
cloud cover: 3   48.00
cloud cover: 4   45.00
cloud cover: 5   40.00
cloud cover: 6   36.00
cloud cover: 7   33.00
cloud cover: 8   33.00
cloud cover: 9   37.00
cloud cover: 10   47.00
cloud cover: 11   49.00
cloud cover: 12   53.00
tbotmn: 8.000000
tbotmx: 28.000000
damping factor: 0.005040
lag time: 90.000000
water/temp coeff: 0.030000
jdayStart: 0
jdayEnd: 0
N2O adjustment factor: 0.800000
Maximum daily nitrifcation amount: 0.400000
Snow insulating flag: 1
Fraction of new net mineralization to NO3: 0.800000
Exiting function initsite
sitlat =  40.04
rlatitude =   0.70
ly   swcinit    swcmin    minpot
 0    0.8200    0.0760  -81920.0000
ly   swcinit    swcmin    minpot
 1    1.2300    0.2040  -81920.0000
ly   swcinit    swcmin    minpot
 2    2.0500    0.5400  -81920.0000
ly   swcinit    swcmin    minpot
 3    4.2000    1.5800  -81920.0000
ly   swcinit    swcmin    minpot
 4    4.3000    1.7800  -81920.0000
ly   swcinit    swcmin    minpot
 5    6.4500    2.6700  -81920.0000
ly   swcinit    swcmin    minpot
 6    6.4500    3.1950  -81920.0000
ly   swcinit    swcmin    minpot
 7    6.4500    3.2400  -81920.0000
ly   swcinit    swcmin    minpot
 8    6.4500    3.2400  -81920.0000
ly   swcinit    swcmin    minpot
 9    6.4500    3.0600  -81920.0000
ly   swcinit    swcmin    minpot
10    6.3000    2.6100  -81920.0000
ly   swcinit    swcmin    minpot
11   12.6000    3.8700  -64198.9805
ly   swcinit    swcmin    minpot
12   12.6000    3.7800  -55055.1680
Output (0/1)  file_name         description
1             bio.out           # daily above and below ground live carbon
wrt = 1
1             soiln.out         # daily soil ammonium and nitrate by layer
wrt = 1
1             soiltavg.out      # daily average soil temperature by layer
wrt = 1
0             soiltmax.out      # daily maximum soil temperature by layer
wrt = 0
0             soiltmin.out      # daily minimum soil temperature by layer
wrt = 0
0             stemp_dx.out      # daily soil temperature every few cm (HUGE)!
wrt = 0
1             vswc.out          # daily volumetric soilwater content by layer
wrt = 1
1             watrbal.out       # daily water balance
wrt = 1
1             wfps.out          # daily water filled pore space by layer
wrt = 1
0             co2.out           # daily CO2 concentrations by layer
wrt = 0
1             wflux.out         # daily water flux through the bottom of soil layers
wrt = 1
1             mresp.out         # daily maintenance respiration
wrt = 1
0             year_summary.out  # yearly trace gas fluxes
wrt = 0
1             livec.out         # daily live carbon
wrt = 1
1             deadc.out         # daily dead carbon
wrt = 1
1             soilc.out         # daily soil carbon
wrt = 1
1             sysc.out          # daily system carbon
wrt = 1
0             tgmonth.out       # monthly trace gas fluxes
wrt = 0
0             dN2lyr.out        # daily denitrification N2 fluxes by layer
wrt = 0
0             dN2Olyr.out       # daily denitrification N2O fluxes by layer
wrt = 0
1             gresp.out         # daily growth respiration
wrt = 1
0             dels.out          # daily delta 13C/14C values
wrt = 0
1             dc_sip.csv        # daily evap, tran, resp, system C, and NPP
wrt = 1
1             harvest.csv       # state of the system at time of harvest
wrt = 1
0             cflows.out        # daily carbon flows due to decompostion
wrt = 0
0             year_cflows.out   # annual accumulators of decomp carbon flows
wrt = 0
1             daily.out         # daily ET, defac, soil temp, snow, and therm units
wrt = 1
1             nflux.out         # daily trace gases, nitrification, denitrification
wrt = 1
1             summary.out       # daily climate, trace gas, and CO resp
wrt = 1
Open soiln.out
Open wflux.out
Open bio.out
Open mresp.out
Open livec.out
Open deadc.out
Open soilc.out
Open sysc.out
Open gresp.out
Open dc_sip.csv
Open harvest.csv
Exitting initsw...
 0 ::  0  1  2
 1 ::  3  4
 2 ::  5
 3 ::  6
 4 ::  7  8
 5 ::  9 10
 6 :: 11
 7 :: 12
swflag = 0
sand =  0.05
silt =  0.71
clay =  0.24
bulkd =  1.16
pH =  6.20
awilt[0] = 0.178000
afiel[0] = 0.410000
awilt[1] = 0.178000
afiel[1] = 0.425000
awilt[2] = 0.178000
afiel[2] = 0.430000
awilt[3] = 0.213000
afiel[3] = 0.430000
awilt[4] = 0.216000
afiel[4] = 0.430000
awilt[5] = 0.189000
afiel[5] = 0.425000
awilt[6] = 0.129000
afiel[6] = 0.420000
awilt[7] = 0.126000
afiel[7] = 0.420000
awilt[8] = 0.178000
afiel[8] = 0.410000
  
    Model is running...
  Using only air temp for PET calc
 Execution success.
STOP Execution success.
Treatment co2
     WARNING: site.100 values for SAND, SILT, CLAY, BULKDEN, and PH will be
     overwritten with corresponding values from the soils.in file.
     WARNING: site.100 values for AWILT and AFIEL will be overwritten with
     corresponding values from the soils.in file.
Entering function initlyrs

Soil Structure: 
lyr	dpthmn	dpthmx	bulkd	fieldc	wiltpt	ecoeff	tcoeff	sand	clay	org	swclim	satcond	pH
  0	  0.0	  2.0	1.16	0.4100	0.1780	0.80	0.05	0.05	0.24	0.04	0.04	0.00092	6.20
  1	  2.0	  5.0	1.16	0.4100	0.1780	0.20	0.15	0.05	0.24	0.04	0.07	0.00092	6.20
  2	  5.0	 10.0	1.16	0.4100	0.1780	0.00	0.35	0.05	0.24	0.04	0.11	0.00092	6.20
  3	 10.0	 20.0	1.26	0.4200	0.1780	0.00	0.29	0.05	0.24	0.04	0.16	0.00092	6.20
  4	 20.0	 30.0	1.26	0.4300	0.1780	0.00	0.09	0.05	0.24	0.04	0.18	0.00092	6.20
  5	 30.0	 45.0	1.48	0.4300	0.1780	0.00	0.06	0.05	0.24	0.04	0.18	0.00092	6.20
  6	 45.0	 60.0	1.50	0.4300	0.2130	0.00	0.04	0.05	0.36	0.01	0.21	0.00032	5.80
  7	 60.0	 75.0	1.50	0.4300	0.2160	0.00	0.03	0.05	0.37	0.01	0.22	0.00028	5.80
  8	 75.0	 90.0	1.50	0.4300	0.2160	0.00	0.02	0.05	0.37	0.01	0.22	0.00028	5.80
  9	 90.0	105.0	1.50	0.4300	0.2040	0.00	0.01	0.07	0.35	0.01	0.20	0.00062	6.00
 10	105.0	120.0	1.53	0.4200	0.1740	0.00	0.01	0.15	0.30	0.00	0.17	0.00092	6.50
 11	120.0	150.0	1.53	0.4200	0.1290	0.00	0.01	0.35	0.20	0.00	0.13	0.00037	7.80
 12	150.0	180.0	1.53	0.4200	0.1260	0.00	0.01	0.37	0.19	0.00	0.13	0.00028	7.90

Calculated soil parameters: 
lyr	width	depth	thetas	psis	b	binv
  0	  2.0	  1.0	 48.902	 87.056	 6.853	0.1459
  1	  3.0	  3.5	 48.902	 87.056	 6.853	0.1459
  2	  5.0	  7.5	 48.902	 87.056	 6.853	0.1459
  3	 10.0	 15.0	 48.902	 87.056	 6.853	0.1459
  4	 10.0	 25.0	 48.902	 87.056	 6.853	0.1459
  5	 15.0	 37.5	 48.902	 87.056	 6.853	0.1459
  6	 15.0	 52.5	 48.458	 73.148	 8.737	0.1145
  7	 15.0	 67.5	 48.421	 72.094	 8.894	0.1124
  8	 15.0	 82.5	 48.421	 72.094	 8.894	0.1124
  9	 15.0	 97.5	 48.211	 69.008	 8.574	0.1166
 10	 15.0	112.5	 47.260	 55.463	 7.765	0.1288
 11	 30.0	135.0	 44.790	 30.974	 6.135	0.1630
 12	 30.0	165.0	 44.543	 29.221	 5.972	0.1674
nelyrs =    2
Exiting function initlyrs
Entering function initsite
usexdrvrs: 0
sublimscale: 1.000000
reflec: 0.180000
albedo: 0.200000
fswcinit: 1.000000
dmpflux: 0.000008
hours_rain: 4.000000
drainlag: 2
watertable: 1  0
watertable: 2  0
watertable: 3  0
watertable: 4  0
watertable: 5  0
watertable: 6  0
watertable: 7  0
watertable: 8  0
watertable: 9  0
watertable: 10  0
watertable: 11  0
watertable: 12  0
hpotdeep: 0.000000
ksatdeep: 0.000300
Cloud cover:
cloud cover: 1   52.00
cloud cover: 2   48.00
cloud cover: 3   48.00
cloud cover: 4   45.00
cloud cover: 5   40.00
cloud cover: 6   36.00
cloud cover: 7   33.00
cloud cover: 8   33.00
cloud cover: 9   37.00
cloud cover: 10   47.00
cloud cover: 11   49.00
cloud cover: 12   53.00
tbotmn: 8.000000
tbotmx: 28.000000
damping factor: 0.005040
lag time: 90.000000
water/temp coeff: 0.030000
jdayStart: 0
jdayEnd: 0
N2O adjustment factor: 0.800000
Maximum daily nitrifcation amount: 0.400000
Snow insulating flag: 1
Fraction of new net mineralization to NO3: 0.800000
Exiting function initsite
sitlat =  40.04
rlatitude =   0.70
ly   swcinit    swcmin    minpot
 0    0.8200    0.0760  -81920.0000
ly   swcinit    swcmin    minpot
 1    1.2300    0.2040  -81920.0000
ly   swcinit    swcmin    minpot
 2    2.0500    0.5400  -81920.0000
ly   swcinit    swcmin    minpot
 3    4.2000    1.5800  -81920.0000
ly   swcinit    swcmin    minpot
 4    4.3000    1.7800  -81920.0000
ly   swcinit    swcmin    minpot
 5    6.4500    2.6700  -81920.0000
ly   swcinit    swcmin    minpot
 6    6.4500    3.1950  -81920.0000
ly   swcinit    swcmin    minpot
 7    6.4500    3.2400  -81920.0000
ly   swcinit    swcmin    minpot
 8    6.4500    3.2400  -81920.0000
ly   swcinit    swcmin    minpot
 9    6.4500    3.0600  -81920.0000
ly   swcinit    swcmin    minpot
10    6.3000    2.6100  -81920.0000
ly   swcinit    swcmin    minpot
11   12.6000    3.8700  -64198.9805
ly   swcinit    swcmin    minpot
12   12.6000    3.7800  -55055.1680
Output (0/1)  file_name         description
1             bio.out           # daily above and below ground live carbon
wrt = 1
1             soiln.out         # daily soil ammonium and nitrate by layer
wrt = 1
1             soiltavg.out      # daily average soil temperature by layer
wrt = 1
0             soiltmax.out      # daily maximum soil temperature by layer
wrt = 0
0             soiltmin.out      # daily minimum soil temperature by layer
wrt = 0
0             stemp_dx.out      # daily soil temperature every few cm (HUGE)!
wrt = 0
1             vswc.out          # daily volumetric soilwater content by layer
wrt = 1
1             watrbal.out       # daily water balance
wrt = 1
1             wfps.out          # daily water filled pore space by layer
wrt = 1
0             co2.out           # daily CO2 concentrations by layer
wrt = 0
1             wflux.out         # daily water flux through the bottom of soil layers
wrt = 1
1             mresp.out         # daily maintenance respiration
wrt = 1
0             year_summary.out  # yearly trace gas fluxes
wrt = 0
1             livec.out         # daily live carbon
wrt = 1
1             deadc.out         # daily dead carbon
wrt = 1
1             soilc.out         # daily soil carbon
wrt = 1
1             sysc.out          # daily system carbon
wrt = 1
0             tgmonth.out       # monthly trace gas fluxes
wrt = 0
0             dN2lyr.out        # daily denitrification N2 fluxes by layer
wrt = 0
0             dN2Olyr.out       # daily denitrification N2O fluxes by layer
wrt = 0
1             gresp.out         # daily growth respiration
wrt = 1
0             dels.out          # daily delta 13C/14C values
wrt = 0
1             dc_sip.csv        # daily evap, tran, resp, system C, and NPP
wrt = 1
1             harvest.csv       # state of the system at time of harvest
wrt = 1
0             cflows.out        # daily carbon flows due to decompostion
wrt = 0
0             year_cflows.out   # annual accumulators of decomp carbon flows
wrt = 0
1             daily.out         # daily ET, defac, soil temp, snow, and therm units
wrt = 1
1             nflux.out         # daily trace gases, nitrification, denitrification
wrt = 1
1             summary.out       # daily climate, trace gas, and CO resp
wrt = 1
Open soiln.out
Open wflux.out
Open bio.out
Open mresp.out
Open livec.out
Open deadc.out
Open soilc.out
Open sysc.out
Open gresp.out
Open dc_sip.csv
Open harvest.csv
Exitting initsw...
 0 ::  0  1  2
 1 ::  3  4
 2 ::  5
 3 ::  6
 4 ::  7  8
 5 ::  9 10
 6 :: 11
 7 :: 12
swflag = 0
sand =  0.05
silt =  0.71
clay =  0.24
bulkd =  1.16
pH =  6.20
awilt[0] = 0.178000
afiel[0] = 0.410000
awilt[1] = 0.178000
afiel[1] = 0.425000
awilt[2] = 0.178000
afiel[2] = 0.430000
awilt[3] = 0.213000
afiel[3] = 0.430000
awilt[4] = 0.216000
afiel[4] = 0.430000
awilt[5] = 0.189000
afiel[5] = 0.425000
awilt[6] = 0.129000
afiel[6] = 0.420000
awilt[7] = 0.126000
afiel[7] = 0.420000
awilt[8] = 0.178000
afiel[8] = 0.410000
  
    Model is running...
  Using only air temp for PET calc
 Execution success.
STOP Execution success.
Treatment heat
     WARNING: site.100 values for SAND, SILT, CLAY, BULKDEN, and PH will be
     overwritten with corresponding values from the soils.in file.
     WARNING: site.100 values for AWILT and AFIEL will be overwritten with
     corresponding values from the soils.in file.
Entering function initlyrs

Soil Structure: 
lyr	dpthmn	dpthmx	bulkd	fieldc	wiltpt	ecoeff	tcoeff	sand	clay	org	swclim	satcond	pH
  0	  0.0	  2.0	1.16	0.4100	0.1780	0.80	0.05	0.05	0.24	0.04	0.04	0.00092	6.20
  1	  2.0	  5.0	1.16	0.4100	0.1780	0.20	0.15	0.05	0.24	0.04	0.07	0.00092	6.20
  2	  5.0	 10.0	1.16	0.4100	0.1780	0.00	0.35	0.05	0.24	0.04	0.11	0.00092	6.20
  3	 10.0	 20.0	1.26	0.4200	0.1780	0.00	0.29	0.05	0.24	0.04	0.16	0.00092	6.20
  4	 20.0	 30.0	1.26	0.4300	0.1780	0.00	0.09	0.05	0.24	0.04	0.18	0.00092	6.20
  5	 30.0	 45.0	1.48	0.4300	0.1780	0.00	0.06	0.05	0.24	0.04	0.18	0.00092	6.20
  6	 45.0	 60.0	1.50	0.4300	0.2130	0.00	0.04	0.05	0.36	0.01	0.21	0.00032	5.80
  7	 60.0	 75.0	1.50	0.4300	0.2160	0.00	0.03	0.05	0.37	0.01	0.22	0.00028	5.80
  8	 75.0	 90.0	1.50	0.4300	0.2160	0.00	0.02	0.05	0.37	0.01	0.22	0.00028	5.80
  9	 90.0	105.0	1.50	0.4300	0.2040	0.00	0.01	0.07	0.35	0.01	0.20	0.00062	6.00
 10	105.0	120.0	1.53	0.4200	0.1740	0.00	0.01	0.15	0.30	0.00	0.17	0.00092	6.50
 11	120.0	150.0	1.53	0.4200	0.1290	0.00	0.01	0.35	0.20	0.00	0.13	0.00037	7.80
 12	150.0	180.0	1.53	0.4200	0.1260	0.00	0.01	0.37	0.19	0.00	0.13	0.00028	7.90

Calculated soil parameters: 
lyr	width	depth	thetas	psis	b	binv
  0	  2.0	  1.0	 48.902	 87.056	 6.853	0.1459
  1	  3.0	  3.5	 48.902	 87.056	 6.853	0.1459
  2	  5.0	  7.5	 48.902	 87.056	 6.853	0.1459
  3	 10.0	 15.0	 48.902	 87.056	 6.853	0.1459
  4	 10.0	 25.0	 48.902	 87.056	 6.853	0.1459
  5	 15.0	 37.5	 48.902	 87.056	 6.853	0.1459
  6	 15.0	 52.5	 48.458	 73.148	 8.737	0.1145
  7	 15.0	 67.5	 48.421	 72.094	 8.894	0.1124
  8	 15.0	 82.5	 48.421	 72.094	 8.894	0.1124
  9	 15.0	 97.5	 48.211	 69.008	 8.574	0.1166
 10	 15.0	112.5	 47.260	 55.463	 7.765	0.1288
 11	 30.0	135.0	 44.790	 30.974	 6.135	0.1630
 12	 30.0	165.0	 44.543	 29.221	 5.972	0.1674
nelyrs =    2
Exiting function initlyrs
Entering function initsite
usexdrvrs: 0
sublimscale: 1.000000
reflec: 0.180000
albedo: 0.200000
fswcinit: 1.000000
dmpflux: 0.000008
hours_rain: 4.000000
drainlag: 2
watertable: 1  0
watertable: 2  0
watertable: 3  0
watertable: 4  0
watertable: 5  0
watertable: 6  0
watertable: 7  0
watertable: 8  0
watertable: 9  0
watertable: 10  0
watertable: 11  0
watertable: 12  0
hpotdeep: 0.000000
ksatdeep: 0.000300
Cloud cover:
cloud cover: 1   52.00
cloud cover: 2   48.00
cloud cover: 3   48.00
cloud cover: 4   45.00
cloud cover: 5   40.00
cloud cover: 6   36.00
cloud cover: 7   33.00
cloud cover: 8   33.00
cloud cover: 9   37.00
cloud cover: 10   47.00
cloud cover: 11   49.00
cloud cover: 12   53.00
tbotmn: 8.000000
tbotmx: 28.000000
damping factor: 0.005040
lag time: 90.000000
water/temp coeff: 0.030000
jdayStart: 0
jdayEnd: 0
N2O adjustment factor: 0.800000
Maximum daily nitrifcation amount: 0.400000
Snow insulating flag: 1
Fraction of new net mineralization to NO3: 0.800000
Exiting function initsite
sitlat =  40.04
rlatitude =   0.70
ly   swcinit    swcmin    minpot
 0    0.8200    0.0760  -81920.0000
ly   swcinit    swcmin    minpot
 1    1.2300    0.2040  -81920.0000
ly   swcinit    swcmin    minpot
 2    2.0500    0.5400  -81920.0000
ly   swcinit    swcmin    minpot
 3    4.2000    1.5800  -81920.0000
ly   swcinit    swcmin    minpot
 4    4.3000    1.7800  -81920.0000
ly   swcinit    swcmin    minpot
 5    6.4500    2.6700  -81920.0000
ly   swcinit    swcmin    minpot
 6    6.4500    3.1950  -81920.0000
ly   swcinit    swcmin    minpot
 7    6.4500    3.2400  -81920.0000
ly   swcinit    swcmin    minpot
 8    6.4500    3.2400  -81920.0000
ly   swcinit    swcmin    minpot
 9    6.4500    3.0600  -81920.0000
ly   swcinit    swcmin    minpot
10    6.3000    2.6100  -81920.0000
ly   swcinit    swcmin    minpot
11   12.6000    3.8700  -64198.9805
ly   swcinit    swcmin    minpot
12   12.6000    3.7800  -55055.1680
Output (0/1)  file_name         description
1             bio.out           # daily above and below ground live carbon
wrt = 1
1             soiln.out         # daily soil ammonium and nitrate by layer
wrt = 1
1             soiltavg.out      # daily average soil temperature by layer
wrt = 1
0             soiltmax.out      # daily maximum soil temperature by layer
wrt = 0
0             soiltmin.out      # daily minimum soil temperature by layer
wrt = 0
0             stemp_dx.out      # daily soil temperature every few cm (HUGE)!
wrt = 0
1             vswc.out          # daily volumetric soilwater content by layer
wrt = 1
1             watrbal.out       # daily water balance
wrt = 1
1             wfps.out          # daily water filled pore space by layer
wrt = 1
0             co2.out           # daily CO2 concentrations by layer
wrt = 0
1             wflux.out         # daily water flux through the bottom of soil layers
wrt = 1
1             mresp.out         # daily maintenance respiration
wrt = 1
0             year_summary.out  # yearly trace gas fluxes
wrt = 0
1             livec.out         # daily live carbon
wrt = 1
1             deadc.out         # daily dead carbon
wrt = 1
1             soilc.out         # daily soil carbon
wrt = 1
1             sysc.out          # daily system carbon
wrt = 1
0             tgmonth.out       # monthly trace gas fluxes
wrt = 0
0             dN2lyr.out        # daily denitrification N2 fluxes by layer
wrt = 0
0             dN2Olyr.out       # daily denitrification N2O fluxes by layer
wrt = 0
1             gresp.out         # daily growth respiration
wrt = 1
0             dels.out          # daily delta 13C/14C values
wrt = 0
1             dc_sip.csv        # daily evap, tran, resp, system C, and NPP
wrt = 1
1             harvest.csv       # state of the system at time of harvest
wrt = 1
0             cflows.out        # daily carbon flows due to decompostion
wrt = 0
0             year_cflows.out   # annual accumulators of decomp carbon flows
wrt = 0
1             daily.out         # daily ET, defac, soil temp, snow, and therm units
wrt = 1
1             nflux.out         # daily trace gases, nitrification, denitrification
wrt = 1
1             summary.out       # daily climate, trace gas, and CO resp
wrt = 1
Open soiln.out
Open wflux.out
Open bio.out
Open mresp.out
Open livec.out
Open deadc.out
Open soilc.out
Open sysc.out
Open gresp.out
Open dc_sip.csv
Open harvest.csv
Exitting initsw...
 0 ::  0  1  2
 1 ::  3  4
 2 ::  5
 3 ::  6
 4 ::  7  8
 5 ::  9 10
 6 :: 11
 7 :: 12
swflag = 0
sand =  0.05
silt =  0.71
clay =  0.24
bulkd =  1.16
pH =  6.20
awilt[0] = 0.178000
afiel[0] = 0.410000
awilt[1] = 0.178000
afiel[1] = 0.425000
awilt[2] = 0.178000
afiel[2] = 0.430000
awilt[3] = 0.213000
afiel[3] = 0.430000
awilt[4] = 0.216000
afiel[4] = 0.430000
awilt[5] = 0.189000
afiel[5] = 0.425000
awilt[6] = 0.129000
afiel[6] = 0.420000
awilt[7] = 0.126000
afiel[7] = 0.420000
awilt[8] = 0.178000
afiel[8] = 0.410000
  
    Model is running...
  Using only air temp for PET calc
 Execution success.
STOP Execution success.
Treatment heatco2
     WARNING: site.100 values for SAND, SILT, CLAY, BULKDEN, and PH will be
     overwritten with corresponding values from the soils.in file.
     WARNING: site.100 values for AWILT and AFIEL will be overwritten with
     corresponding values from the soils.in file.
Entering function initlyrs

Soil Structure: 
lyr	dpthmn	dpthmx	bulkd	fieldc	wiltpt	ecoeff	tcoeff	sand	clay	org	swclim	satcond	pH
  0	  0.0	  2.0	1.16	0.4100	0.1780	0.80	0.05	0.05	0.24	0.04	0.04	0.00092	6.20
  1	  2.0	  5.0	1.16	0.4100	0.1780	0.20	0.15	0.05	0.24	0.04	0.07	0.00092	6.20
  2	  5.0	 10.0	1.16	0.4100	0.1780	0.00	0.35	0.05	0.24	0.04	0.11	0.00092	6.20
  3	 10.0	 20.0	1.26	0.4200	0.1780	0.00	0.29	0.05	0.24	0.04	0.16	0.00092	6.20
  4	 20.0	 30.0	1.26	0.4300	0.1780	0.00	0.09	0.05	0.24	0.04	0.18	0.00092	6.20
  5	 30.0	 45.0	1.48	0.4300	0.1780	0.00	0.06	0.05	0.24	0.04	0.18	0.00092	6.20
  6	 45.0	 60.0	1.50	0.4300	0.2130	0.00	0.04	0.05	0.36	0.01	0.21	0.00032	5.80
  7	 60.0	 75.0	1.50	0.4300	0.2160	0.00	0.03	0.05	0.37	0.01	0.22	0.00028	5.80
  8	 75.0	 90.0	1.50	0.4300	0.2160	0.00	0.02	0.05	0.37	0.01	0.22	0.00028	5.80
  9	 90.0	105.0	1.50	0.4300	0.2040	0.00	0.01	0.07	0.35	0.01	0.20	0.00062	6.00
 10	105.0	120.0	1.53	0.4200	0.1740	0.00	0.01	0.15	0.30	0.00	0.17	0.00092	6.50
 11	120.0	150.0	1.53	0.4200	0.1290	0.00	0.01	0.35	0.20	0.00	0.13	0.00037	7.80
 12	150.0	180.0	1.53	0.4200	0.1260	0.00	0.01	0.37	0.19	0.00	0.13	0.00028	7.90

Calculated soil parameters: 
lyr	width	depth	thetas	psis	b	binv
  0	  2.0	  1.0	 48.902	 87.056	 6.853	0.1459
  1	  3.0	  3.5	 48.902	 87.056	 6.853	0.1459
  2	  5.0	  7.5	 48.902	 87.056	 6.853	0.1459
  3	 10.0	 15.0	 48.902	 87.056	 6.853	0.1459
  4	 10.0	 25.0	 48.902	 87.056	 6.853	0.1459
  5	 15.0	 37.5	 48.902	 87.056	 6.853	0.1459
  6	 15.0	 52.5	 48.458	 73.148	 8.737	0.1145
  7	 15.0	 67.5	 48.421	 72.094	 8.894	0.1124
  8	 15.0	 82.5	 48.421	 72.094	 8.894	0.1124
  9	 15.0	 97.5	 48.211	 69.008	 8.574	0.1166
 10	 15.0	112.5	 47.260	 55.463	 7.765	0.1288
 11	 30.0	135.0	 44.790	 30.974	 6.135	0.1630
 12	 30.0	165.0	 44.543	 29.221	 5.972	0.1674
nelyrs =    2
Exiting function initlyrs
Entering function initsite
usexdrvrs: 0
sublimscale: 1.000000
reflec: 0.180000
albedo: 0.200000
fswcinit: 1.000000
dmpflux: 0.000008
hours_rain: 4.000000
drainlag: 2
watertable: 1  0
watertable: 2  0
watertable: 3  0
watertable: 4  0
watertable: 5  0
watertable: 6  0
watertable: 7  0
watertable: 8  0
watertable: 9  0
watertable: 10  0
watertable: 11  0
watertable: 12  0
hpotdeep: 0.000000
ksatdeep: 0.000300
Cloud cover:
cloud cover: 1   52.00
cloud cover: 2   48.00
cloud cover: 3   48.00
cloud cover: 4   45.00
cloud cover: 5   40.00
cloud cover: 6   36.00
cloud cover: 7   33.00
cloud cover: 8   33.00
cloud cover: 9   37.00
cloud cover: 10   47.00
cloud cover: 11   49.00
cloud cover: 12   53.00
tbotmn: 8.000000
tbotmx: 28.000000
damping factor: 0.005040
lag time: 90.000000
water/temp coeff: 0.030000
jdayStart: 0
jdayEnd: 0
N2O adjustment factor: 0.800000
Maximum daily nitrifcation amount: 0.400000
Snow insulating flag: 1
Fraction of new net mineralization to NO3: 0.800000
Exiting function initsite
sitlat =  40.04
rlatitude =   0.70
ly   swcinit    swcmin    minpot
 0    0.8200    0.0760  -81920.0000
ly   swcinit    swcmin    minpot
 1    1.2300    0.2040  -81920.0000
ly   swcinit    swcmin    minpot
 2    2.0500    0.5400  -81920.0000
ly   swcinit    swcmin    minpot
 3    4.2000    1.5800  -81920.0000
ly   swcinit    swcmin    minpot
 4    4.3000    1.7800  -81920.0000
ly   swcinit    swcmin    minpot
 5    6.4500    2.6700  -81920.0000
ly   swcinit    swcmin    minpot
 6    6.4500    3.1950  -81920.0000
ly   swcinit    swcmin    minpot
 7    6.4500    3.2400  -81920.0000
ly   swcinit    swcmin    minpot
 8    6.4500    3.2400  -81920.0000
ly   swcinit    swcmin    minpot
 9    6.4500    3.0600  -81920.0000
ly   swcinit    swcmin    minpot
10    6.3000    2.6100  -81920.0000
ly   swcinit    swcmin    minpot
11   12.6000    3.8700  -64198.9805
ly   swcinit    swcmin    minpot
12   12.6000    3.7800  -55055.1680
Output (0/1)  file_name         description
1             bio.out           # daily above and below ground live carbon
wrt = 1
1             soiln.out         # daily soil ammonium and nitrate by layer
wrt = 1
1             soiltavg.out      # daily average soil temperature by layer
wrt = 1
0             soiltmax.out      # daily maximum soil temperature by layer
wrt = 0
0             soiltmin.out      # daily minimum soil temperature by layer
wrt = 0
0             stemp_dx.out      # daily soil temperature every few cm (HUGE)!
wrt = 0
1             vswc.out          # daily volumetric soilwater content by layer
wrt = 1
1             watrbal.out       # daily water balance
wrt = 1
1             wfps.out          # daily water filled pore space by layer
wrt = 1
0             co2.out           # daily CO2 concentrations by layer
wrt = 0
1             wflux.out         # daily water flux through the bottom of soil layers
wrt = 1
1             mresp.out         # daily maintenance respiration
wrt = 1
0             year_summary.out  # yearly trace gas fluxes
wrt = 0
1             livec.out         # daily live carbon
wrt = 1
1             deadc.out         # daily dead carbon
wrt = 1
1             soilc.out         # daily soil carbon
wrt = 1
1             sysc.out          # daily system carbon
wrt = 1
0             tgmonth.out       # monthly trace gas fluxes
wrt = 0
0             dN2lyr.out        # daily denitrification N2 fluxes by layer
wrt = 0
0             dN2Olyr.out       # daily denitrification N2O fluxes by layer
wrt = 0
1             gresp.out         # daily growth respiration
wrt = 1
0             dels.out          # daily delta 13C/14C values
wrt = 0
1             dc_sip.csv        # daily evap, tran, resp, system C, and NPP
wrt = 1
1             harvest.csv       # state of the system at time of harvest
wrt = 1
0             cflows.out        # daily carbon flows due to decompostion
wrt = 0
0             year_cflows.out   # annual accumulators of decomp carbon flows
wrt = 0
1             daily.out         # daily ET, defac, soil temp, snow, and therm units
wrt = 1
1             nflux.out         # daily trace gases, nitrification, denitrification
wrt = 1
1             summary.out       # daily climate, trace gas, and CO resp
wrt = 1
Open soiln.out
Open wflux.out
Open bio.out
Open mresp.out
Open livec.out
Open deadc.out
Open soilc.out
Open sysc.out
Open gresp.out
Open dc_sip.csv
Open harvest.csv
Exitting initsw...
 0 ::  0  1  2
 1 ::  3  4
 2 ::  5
 3 ::  6
 4 ::  7  8
 5 ::  9 10
 6 :: 11
 7 :: 12
swflag = 0
sand =  0.05
silt =  0.71
clay =  0.24
bulkd =  1.16
pH =  6.20
awilt[0] = 0.178000
afiel[0] = 0.410000
awilt[1] = 0.178000
afiel[1] = 0.425000
awilt[2] = 0.178000
afiel[2] = 0.430000
awilt[3] = 0.213000
afiel[3] = 0.430000
awilt[4] = 0.216000
afiel[4] = 0.430000
awilt[5] = 0.189000
afiel[5] = 0.425000
awilt[6] = 0.129000
afiel[6] = 0.420000
awilt[7] = 0.126000
afiel[7] = 0.420000
awilt[8] = 0.178000
afiel[8] = 0.410000
  
    Model is running...
  Using only air temp for PET calc
 Execution success.
STOP Execution success.
